<?xml version="1.0" encoding="UTF-8"?>
<!-- Generated by org.testng.reporters.JUnitXMLReporter -->
<testsuite hostname="DESKTOP-K22EJK9" ignored="0" name="Test" tests="2" failures="1" timestamp="2021-11-01T02:29:20 PDT" time="34.524" errors="0">
  <testcase name="validateFullNameFieldForCorrectInput" time="12.677" classname="com.testing.uitest.homepagetest.SignupPageTests">
    <failure type="java.lang.AssertionError" message="expected [true] but found [false]">
      <![CDATA[java.lang.AssertionError: expected [true] but found [false]
at com.testing.uitest.homepagetest.SignupPageTests.validateFullNameFieldForCorrectInput(SignupPageTests.java:37)
at java.util.ArrayList.forEach(ArrayList.java:1259)
... Removed 31 stack frames]]>
    </failure>
  </testcase> <!-- validateFullNameFieldForCorrectInput -->
  <testcase name="verofyTitleOfHomePage" time="9.396" classname="com.testing.uitest.HomePageTest"/>
</testsuite> <!-- Test -->
