{"uuid":"57295a22-95c1-4098-8969-760597fae2ab","name":"com.testing.runner.TestRun","children":[],"befores":[{"name":"setUpClass","status":"broken","statusDetails":{"known":false,"muted":false,"flaky":false,"message":"Couldn't create a file output stream for 'test-output'.\nMake sure the the file isn't a directory.\n\nNote: This usually happens when plugins write to colliding paths.\nFor example: 'json:target/cucumber/report.json, html:target/cucumber'\nYou can fix this by making the paths do no collide.\nFor example: 'json:target/cucumber/report.json, html:target/cucumber/report.html'\nThe details are in the stack trace below:","trace":"java.lang.IllegalArgumentException: Couldn't create a file output stream for 'test-output'.\nMake sure the the file isn't a directory.\n\nNote: This usually happens when plugins write to colliding paths.\nFor example: 'json:target/cucumber/report.json, html:target/cucumber'\nYou can fix this by making the paths do no collide.\nFor example: 'json:target/cucumber/report.json, html:target/cucumber/report.html'\nThe details are in the stack trace below:\r\n\tat io.cucumber.core.plugin.PluginFactory.createFileOutputStream(PluginFactory.java:240)\r\n\tat io.cucumber.core.plugin.PluginFactory.openStream(PluginFactory.java:199)\r\n\tat io.cucumber.core.plugin.PluginFactory.convert(PluginFactory.java:166)\r\n\tat io.cucumber.core.plugin.PluginFactory.instantiate(PluginFactory.java:99)\r\n\tat io.cucumber.core.plugin.PluginFactory.create(PluginFactory.java:63)\r\n\tat io.cucumber.core.plugin.Plugins.createPlugins(Plugins.java:32)\r\n\tat io.cucumber.core.plugin.Plugins.<init>(Plugins.java:25)\r\n\tat io.cucumber.testng.TestNGCucumberRunner.<init>(TestNGCucumberRunner.java:92)\r\n\tat io.cucumber.testng.AbstractTestNGCucumberTests.setUpClass(AbstractTestNGCucumberTests.java:23)\r\n\tat sun.reflect.NativeMethodAccessorImpl.invoke0(Native Method)\r\n\tat sun.reflect.NativeMethodAccessorImpl.invoke(NativeMethodAccessorImpl.java:62)\r\n\tat sun.reflect.DelegatingMethodAccessorImpl.invoke(DelegatingMethodAccessorImpl.java:43)\r\n\tat java.lang.reflect.Method.invoke(Method.java:498)\r\n\tat org.testng.internal.MethodInvocationHelper.invokeMethod(MethodInvocationHelper.java:133)\r\n\tat org.testng.internal.MethodInvocationHelper.invokeMethodConsideringTimeout(MethodInvocationHelper.java:62)\r\n\tat org.testng.internal.ConfigInvoker.invokeConfigurationMethod(ConfigInvoker.java:385)\r\n\tat org.testng.internal.ConfigInvoker.invokeConfigurations(ConfigInvoker.java:321)\r\n\tat org.testng.internal.TestMethodWorker.invokeBeforeClassMethods(TestMethodWorker.java:176)\r\n\tat org.testng.internal.TestMethodWorker.run(TestMethodWorker.java:122)\r\n\tat java.util.ArrayList.forEach(ArrayList.java:1259)\r\n\tat org.testng.TestRunner.privateRun(TestRunner.java:794)\r\n\tat org.testng.TestRunner.run(TestRunner.java:596)\r\n\tat org.testng.SuiteRunner.runTest(SuiteRunner.java:377)\r\n\tat org.testng.SuiteRunner.runSequentially(SuiteRunner.java:371)\r\n\tat org.testng.SuiteRunner.privateRun(SuiteRunner.java:332)\r\n\tat org.testng.SuiteRunner.run(SuiteRunner.java:276)\r\n\tat org.testng.SuiteRunnerWorker.runSuite(SuiteRunnerWorker.java:53)\r\n\tat org.testng.SuiteRunnerWorker.run(SuiteRunnerWorker.java:96)\r\n\tat org.testng.TestNG.runSuitesSequentially(TestNG.java:1212)\r\n\tat org.testng.TestNG.runSuitesLocally(TestNG.java:1134)\r\n\tat org.testng.TestNG.runSuites(TestNG.java:1063)\r\n\tat org.testng.TestNG.run(TestNG.java:1031)\r\n\tat org.testng.remote.AbstractRemoteTestNG.run(AbstractRemoteTestNG.java:115)\r\n\tat org.testng.remote.RemoteTestNG.initAndRun(RemoteTestNG.java:251)\r\n\tat org.testng.remote.RemoteTestNG.main(RemoteTestNG.java:77)\r\nCaused by: java.io.FileNotFoundException: test-output (Access is denied)\r\n\tat java.io.FileOutputStream.open0(Native Method)\r\n\tat java.io.FileOutputStream.open(FileOutputStream.java:270)\r\n\tat java.io.FileOutputStream.<init>(FileOutputStream.java:213)\r\n\tat java.io.FileOutputStream.<init>(FileOutputStream.java:162)\r\n\tat io.cucumber.core.plugin.PluginFactory.createFileOutputStream(PluginFactory.java:237)\r\n\t... 34 more\r\n"},"stage":"finished","description":"","steps":[],"attachments":[],"parameters":[],"start":1644343563128,"stop":1644343563675}],"afters":[{"name":"tearDownClass","status":"passed","stage":"finished","description":"","steps":[],"attachments":[],"parameters":[],"start":1644343563956,"stop":1644343563956}],"links":[],"start":1644343563081,"stop":1644343564018}